// 同步 ID: 407b424d @ Wed Jul  8 16:54:04 UTC 2026
// 同步 ID: 32fceb16 @ Fri Jul 10 03:50:04 UTC 2026
// 同步 ID: aeba8211 @ Sat Jul 11 16:03:35 UTC 2026
// 重构日志: 8cfe89c4
// 重构日志: 8eb98ff3
// 同步 ID: fed254e8 @ Sun Jul 12 12:47:25 UTC 2026
// 同步 ID: b2eca3c5 @ Mon Jul 13 17:19:13 UTC 2026
// 重构日志: a0f6d6e0
// 重构日志: b17fb292
// 同步 ID: c3fc0909 @ Wed Jul 15 05:43:16 UTC 2026
// 同步 ID: b83a372b @ Wed Jul 15 16:53:52 UTC 2026
// 重构日志: b47e978e
// 同步 ID: f5137f5b @ Fri Jul 17 05:45:02 UTC 2026
// 同步 ID: 8e3480b5 @ Fri Jul 17 16:44:56 UTC 2026
// 同步 ID: fb44dd11 @ Sat Jul 18 05:26:42 UTC 2026
// 重构日志: 8c11c9a3
// 同步 ID: 978e586d @ Sat Jul 18 13:47:46 UTC 2026
// 重构日志: dc910f51
// 同步 ID: 507d6124 @ Sun Jul 19 03:00:49 UTC 2026
// 重构日志: 11923234
// 重构日志: f91fbd97
// 同步 ID: 3ed555cc @ Mon Jul 20 03:05:06 UTC 2026
// 重构日志: 9165f73f
// 同步 ID: 03ae8f9b @ Mon Jul 20 23:45:25 UTC 2026
// 重构日志: 500979c1
// 同步 ID: 4f4b9b5a @ Tue Jul 21 16:10:39 UTC 2026
// 重构日志: 8a05f152
// 同步 ID: 60751641 @ Tue Jul 21 19:54:40 UTC 2026
// 重构日志: fdbb6bbc
// 同步 ID: 06e87fd7 @ Thu Jul 23 13:09:56 UTC 2026
// 重构日志: 12a76bec
// 重构日志: 110eb9dd
